1508482836994	geckodriver	INFO	geckodriver 0.19.0
1508482837009	geckodriver	INFO	Listening on 127.0.0.1:58612
1508482839129	mozrunner::runner	INFO	Running command: "C:\\Program Files (x86)\\Mozilla Firefox\\firefox.exe" "-marionette" "-profile" "C:\\Users\\JIANGH~1.EXP\\AppData\\Local\\Temp\\rust_mozprofile.d7lOdZ5LsZAt"
1508482863354	geckodriver	INFO	geckodriver 0.19.0
1508482863368	geckodriver	INFO	Listening on 127.0.0.1:58650
1508482865452	mozrunner::runner	INFO	Running command: "C:\\Program Files (x86)\\Mozilla Firefox\\firefox.exe" "-marionette" "-profile" "C:\\Users\\JIANGH~1.EXP\\AppData\\Local\\Temp\\rust_mozprofile.c8PWIZicLVLn"
1508482865708	addons.xpi	WARN	Error parsing extensions state: [Exception... "Component returned failure code: 0x80520012 (NS_ERROR_FILE_NOT_FOUND) [amIAddonManagerStartup.readStartupData]"  nsresult: "0x80520012 (NS_ERROR_FILE_NOT_FOUND)"  location: "JS frame :: resource://gre/modules/addons/XPIProvider.jsm :: loadExtensionState :: line 1554"  data: no] Stack trace: loadExtensionState()@resource://gre/modules/addons/XPIProvider.jsm:1554 < getInstallState()@resource://gre/modules/addons/XPIProvider.jsm:1589 < checkForChanges()@resource://gre/modules/addons/XPIProvider.jsm:3109 < startup()@resource://gre/modules/addons/XPIProvider.jsm:2188 < callProvider()@resource://gre/modules/AddonManager.jsm:269 < _startProvider()@resource://gre/modules/AddonManager.jsm:739 < startup()@resource://gre/modules/AddonManager.jsm:906 < startup()@resource://gre/modules/AddonManager.jsm:3090 < observe()@jar:file:///C:/Program%20Files%20(x86)/Mozilla%20Firefox/omni.ja!/components/addonManager.js:65
1508482866236	Marionette	INFO	Enabled via --marionette
Unable to read VR Path Registry from C:\Users\jianghailong.EXPOPAY\AppData\Local\openvr\openvrpaths.vrpath
[Parent 8284] WARNING: pipe error: 109: file z:/build/build/src/ipc/chromium/src/chrome/common/ipc_channel_win.cc, line 346
Unable to read VR Path Registry from C:\Users\jianghailong.EXPOPAY\AppData\Local\openvr\openvrpaths.vrpath
[Child 6968] WARNING: pipe error: 109: file z:/build/build/src/ipc/chromium/src/chrome/common/ipc_channel_win.cc, line 346
[Child 6968] WARNING: pipe error: 109: file z:/build/build/src/ipc/chromium/src/chrome/common/ipc_channel_win.cc, line 346
1508482868072	Marionette	INFO	Listening on port 58656
1508482868610	Marionette	WARN	TLS certificate errors will be ignored for this session
1508482868643	Marionette	DEBUG	Register listener.js for window 4294967297
[Parent 8284] WARNING: pipe error: 109: file z:/build/build/src/ipc/chromium/src/chrome/common/ipc_channel_win.cc, line 346
[Parent 8284] WARNING: pipe error: 109: file z:/build/build/src/ipc/chromium/src/chrome/common/ipc_channel_win.cc, line 346
Unable to read VR Path Registry from C:\Users\jianghailong.EXPOPAY\AppData\Local\openvr\openvrpaths.vrpath
[Child 6924] WARNING: pipe error: 109: file z:/build/build/src/ipc/chromium/src/chrome/common/ipc_channel_win.cc, line 346

###!!! [Child][MessageChannel::SendAndWait] Error: Channel error: cannot send/recv

n: "JS frame :: resource://gre/modules/addons/XPIProvider.jsm :: loadExtensionState :: line 1554"  data: no] Stack trace: loadExtensionState()@resource://gre/modules/addons/XPIProvider.jsm:1554 < getInstallState()@resource://gre/modules/addons/XPIProvider.jsm:1589 < checkForChanges()@resource://gre/modules/addons/XPIProvider.jsm:3109 < startup()@resource://gre/modules/addons/XPIProvider.jsm:2188 < callProvider()@resource://gre/modules/AddonManager.jsm:269 < _startProvider()@resource://gre/modules/AddonManager.jsm:739 < startup()@resource://gre/modules/AddonManager.jsm:906 < startup()@resource://gre/modules/AddonManager.jsm:3090 < observe()@jar:file:///C:/Program%20Files%20(x86)/Mozilla%20Firefox/omni.ja!/components/addonManager.js:65
1508482903470	Marionette	INFO	Enabled via --marionette
Unable to read VR Path Registry from C:\Users\jianghailong.EXPOPAY\AppData\Local\openvr\openvrpaths.vrpath
[Parent 8628] WARNING: pipe error: 109: file z:/build/build/src/ipc/chromium/src/chrome/common/ipc_channel_win.cc, line 346
Unable to read VR Path Registry from C:\Users\jianghailong.EXPOPAY\AppData\Local\openvr\openvrpaths.vrpath
[Child 7104] WARNING: pipe error: 109: file z:/build/build/src/ipc/chromium/src/chrome/common/ipc_channel_win.cc, line 346
[Child 7104] WARNING: pipe error: 109: file z:/build/build/src/ipc/chromium/src/chrome/common/ipc_channel_win.cc, line 346
1508482904948	Marionette	INFO	Listening on port 58724
1508482905837	Marionette	WARN	TLS certificate errors will be ignored for this session
1508482905870	Marionette	DEBUG	Register listener.js for window 4294967297
1508482909691	Marionette	DEBUG	Received DOM event "beforeunload" for "about:blank"
1508482910090	Marionette	DEBUG	Received DOM event "pagehide" for "about:blank"
1508482910090	Marionette	DEBUG	Received DOM event "unload" for "about:blank"
Unable to read VR Path Registry from C:\Users\jianghailong.EXPOPAY\AppData\Local\openvr\openvrpaths.vrpath
JavaScript error: https://ss1.bdstatic.com/5eN1bjq8AAUYm2zgoY3K/r/www/cache/static/protocol/https/plugins/every_cookie_4644b13.js, line 4: ReferenceError: c is not defined
1508482911199	Marionette	DEBUG	Received DOM event "DOMContentLoaded" for "https://www.baidu.com/"
1508482911417	Marionette	DEBUG	Received DOM event "pageshow" for "https://www.baidu.com/"
Unable to read VR Path Registry from C:\Users\jianghailong.EXPOPAY\AppData\Local\openvr\openvrpaths.vrpath
[Child 10328] WARNING: pipe error: 109: file z:/build/build/src/ipc/chromium/src/chrome/common/ipc_channel_win.cc, line 346
[Parent 8628] WARNING: pipe error: 109: file z:/build/build/src/ipc/chromium/src/chrome/common/ipc_channel_win.cc, line 346
[Child 15584] WARNING: pipe error: 109: file z:/build/build/src/ipc/chromium/src/chrome/common/ipc_channel_win.cc, line 346
[Child 15584] WARNING: pipe error: 109: file z:/build/build/src/ipc/chromium/src/chrome/common/ipc_channel_win.cc, line 346
*** UTM:SVC TimerManager:registerTimer called after profile-before-change notification. Ignoring timer registration for id: telemetry_modules_ping

###!!! [Child][MessageChannel::SendAndWait] Error: Channel error: cannot send/recv

1508482931381	geckodriver	INFO	geckodriver 0.19.0
1508482931393	geckodriver	INFO	Listening on 127.0.0.1:58787
1508482933492	mozrunner::runner	INFO	Running command: "C:\\Program Files (x86)\\Mozilla Firefox\\firefox.exe" "-marionette" "-profile" "C:\\Users\\JIANGH~1.EXP\\AppData\\Local\\Temp\\rust_mozprofile.i3vmMq7fN7H1"
1508482933904	addons.xpi	WARN	Error parsing extensions state: [Exception... "Component returned failure code: 0x80520012 (NS_ERROR_FILE_NOT_FOUND) [amIAddonManagerStartup.readStartupData]"  nsresult: "0x80520012 (NS_ERROR_FILE_NOT_FOUND)"  location: "JS frame :: resource://gre/modules/addons/XPIProvider.jsm :: loadExtensionState :: line 1554"  data: no] Stack trace: loadExtensionState()@resource://gre/modules/addons/XPIProvider.jsm:1554 < getInstallState()@resource://gre/modules/addons/XPIProvider.jsm:1589 < checkForChanges()@resource://gre/modules/addons/XPIProvider.jsm:3109 < startup()@resource://gre/modules/addons/XPIProvider.jsm:2188 < callProvider()@resource://gre/modules/AddonManager.jsm:269 < _startProvider()@resource://gre/modules/AddonManager.jsm:739 < startup()@resource://gre/modules/AddonManager.jsm:906 < startup()@resource://gre/modules/AddonManager.jsm:3090 < observe()@jar:file:///C:/Program%20Files%20(x86)/Mozilla%20Firefox/omni.ja!/components/addonManager.js:65
1508482934364	Marionette	INFO	Enabled via --marionette
Unable to read VR Path Registry from C:\Users\jianghailong.EXPOPAY\AppData\Local\openvr\openvrpaths.vrpath
[Child 3932] WARNING: pipe error: 109: file z:/build/build/src/ipc/chromium/src/chrome/common/ipc_channel_win.cc, line 346
[Child 3932] WARNING: pipe error: 109: file z:/build/build/src/ipc/chromium/src/chrome/common/ipc_channel_win.cc, line 346
1508482935794	Marionette	INFO	Listening on port 58793
1508482936644	Marionette	WARN	TLS certificate errors will be ignored for this session
1508482936686	Marionette	DEBUG	Register listener.js for window 4294967297
1508482936714	Marionette	DEBUG	Received DOM event "beforeunload" for "about:blank"
1508482937167	Marionette	DEBUG	Received DOM event "pagehide" for "about:blank"
1508482937167	Marionette	DEBUG	Received DOM event "unload" for "about:blank"
Unable to read VR Path Registry from C:\Users\jianghailong.EXPOPAY\AppData\Local\openvr\openvrpaths.vrpath
JavaScript error: https://ss1.bdstatic.com/5eN1bjq8AAUYm2zgoY3K/r/www/cache/static/protocol/https/plugins/every_cookie_4644b13.js, line 4: ReferenceError: c is not defined
1508482938284	Marionette	DEBUG	Received DOM event "DOMContentLoaded" for "https://www.baidu.com/"
1508482938581	Marionette	DEBUG	Received DOM event "pageshow" for "https://www.baidu.com/"
Unable to read VR Path Registry from C:\Users\jianghailong.EXPOPAY\AppData\Local\openvr\openvrpaths.vrpath
[Parent 17356] WARNING: pipe error: 109: file z:/build/build/src/ipc/chromium/src/chrome/common/ipc_channel_win.cc, line 346
1508482940589	addons.productaddons	WARN	Failed downloading via XHR, status: 0, reason: error
[Parent 17356] WARNING: pipe error: 109: file z:/build/build/src/ipc/chromium/src/chrome/common/ipc_channel_win.cc, line 346
*** UTM:SVC TimerManager:registerTimer called after profile-before-change notification. Ignoring timer registration for id: telemetry_modules_ping
Unable to read VR Path Registry from C:\Users\jianghailong.EXPOPAY\AppData\Local\openvr\openvrpaths.vrpath
[GPU 2176] WARNING: pipe error: 109: file z:/build/build/src/ipc/chromium/src/chrome/common/ipc_channel_win.cc, line 346

###!!! [Child][MessageChannel::SendAndWait] Error: Channel error: cannot send/recv

