2016-11-05 23:03:55,210-access-ERROR-Account [123] does not exist!
2016-11-05 23:04:08,977-access-INFO-Account [zcl] logging success
2016-11-06 22:03:03,263-access-INFO-Account [zcl] logging success
2016-11-06 22:11:08,421-access-INFO-Account [zcl] logging success
2016-11-06 22:18:47,189-access-INFO-Account [zcl] logging success
2016-11-06 22:21:26,163-access-INFO-Account [zcl] logging success
2016-11-06 22:45:45,689-access-INFO-Account [zcl] logging success
2016-11-06 23:05:23,423-access-ERROR-Account or Passworddoes not correct!
2016-11-06 23:05:27,247-access-INFO-Account [zcl] logging success
2016-11-06 23:09:29,958-access-INFO-Account [zcl] logging success
2016-11-06 23:14:48,267-access-INFO-Account [zcl] logging success
2016-11-06 23:37:04,172-access-ERROR-Account [zc;] does not exist!
2016-11-06 23:37:09,022-access-INFO-Account [zcl] logging success
2016-11-06 23:38:19,187-access-INFO-Account [zcl] logging success
2016-11-06 23:40:56,275-access-INFO-Account [zcl] logging success
2016-11-07 00:49:43,510-access-INFO-Account [zcl] logging success
2016-11-07 00:52:50,087-access-INFO-Account [zcl] logging success
2016-11-07 01:05:29,932-access-ERROR-Account [abc] does not exist!
2016-11-07 01:05:33,235-access-INFO-Account [zcl] logging success
2016-11-07 01:09:02,577-access-INFO-Account [zcl] logging success
2016-11-07 01:11:24,927-access-INFO-Account [zcl] logging success
2016-11-07 01:19:53,367-access-INFO-Account [zcl] logging success
2016-11-07 01:28:20,923-access-INFO-Account [zcl] logging success
2016-11-07 13:42:24,678-access-INFO-Account [zcl] logging success
2016-11-07 23:04:00,286-access-INFO-Account [zcl] logging success
2016-11-08 13:04:09,861-access-INFO-Account [zcl] logging success
2016-11-08 13:08:17,959-access-ERROR-Account [abc] does not exist!
2016-11-08 13:08:21,426-access-INFO-Account [zcl] logging success
2016-11-08 13:09:31,700-access-INFO-Account [zcl] logging success
2016-11-08 13:11:56,623-access-INFO-Account [zcl] logging success
2016-11-08 13:51:22,281-access-INFO-Account [zcl] logging success
2016-11-08 13:52:58,598-access-INFO-Account [zcl] logging success
2016-11-08 13:55:17,517-access-INFO-Account [zcl] logging success
2016-11-08 13:59:51,036-access-INFO-Account [zcl] logging success
2016-11-08 14:02:03,612-access-INFO-Account [zcl] logging success
2016-11-08 14:05:22,151-access-INFO-Account [zcl] logging success
2017-10-17 19:35:02,327-access-INFO-Account [1234] logging success
2017-10-17 19:46:19,747-access-INFO-Account [1234] logging success
2017-10-17 19:48:05,332-access-INFO-Account [1234] logging success
2017-10-17 19:58:13,270-access-INFO-Account [1234] logging success
2017-10-17 20:00:27,543-access-INFO-Account [1234] logging success
2017-10-17 20:17:24,982-access-INFO-Account [1234] logging success
2017-10-17 20:20:16,395-access-INFO-Account [1234] logging success
